Determining if the pthread_create exist failed with the following output:
Change Dir: /home/larics/catkin_ws/src/cmake-build-debug/CMakeFiles/CMakeTmp

Run Build Command:"/usr/bin/make" "cmTC_29ea2/fast"
/usr/bin/make -f CMakeFiles/cmTC_29ea2.dir/build.make CMakeFiles/cmTC_29ea2.dir/build
make[1]: Entering directory '/home/larics/catkin_ws/src/cmake-build-debug/CMakeFiles/CMakeTmp'
Building C object CMakeFiles/cmTC_29ea2.dir/CheckSymbolExists.c.o
/usr/bin/cc     -o CMakeFiles/cmTC_29ea2.dir/CheckSymbolExists.c.o   -c /home/larics/catkin_ws/src/cmake-build-debug/CMakeFiles/CMakeTmp/CheckSymbolExists.c
Linking C executable cmTC_29ea2
/usr/bin/cmake -E cmake_link_script CMakeFiles/cmTC_29ea2.dir/link.txt --verbose=1
/usr/bin/cc       CMakeFiles/cmTC_29ea2.dir/CheckSymbolExists.c.o  -o cmTC_29ea2 -rdynamic 
CMakeFiles/cmTC_29ea2.dir/CheckSymbolExists.c.o: In function `main':
CheckSymbolExists.c:(.text+0xa): undefined reference to `pthread_create'
collect2: error: ld returned 1 exit status
CMakeFiles/cmTC_29ea2.dir/build.make:97: recipe for target 'cmTC_29ea2' failed
make[1]: *** [cmTC_29ea2] Error 1
make[1]: Leaving directory '/home/larics/catkin_ws/src/cmake-build-debug/CMakeFiles/CMakeTmp'
Makefile:126: recipe for target 'cmTC_29ea2/fast' failed
make: *** [cmTC_29ea2/fast] Error 2

File /home/larics/catkin_ws/src/cmake-build-debug/CMakeFiles/CMakeTmp/CheckSymbolExists.c:
/* */
#include <pthread.h>

int main(int argc, char** argv)
{
  (void)argv;
#ifndef pthread_create
  return ((int*)(&pthread_create))[argc];
#else
  (void)argc;
  return 0;
#endif
}

Determining if the function pthread_create exists in the pthreads failed with the following output:
Change Dir: /home/larics/catkin_ws/src/cmake-build-debug/CMakeFiles/CMakeTmp

Run Build Command:"/usr/bin/make" "cmTC_25576/fast"
/usr/bin/make -f CMakeFiles/cmTC_25576.dir/build.make CMakeFiles/cmTC_25576.dir/build
make[1]: Entering directory '/home/larics/catkin_ws/src/cmake-build-debug/CMakeFiles/CMakeTmp'
Building C object CMakeFiles/cmTC_25576.dir/CheckFunctionExists.c.o
/usr/bin/cc    -DCHECK_FUNCTION_EXISTS=pthread_create   -o CMakeFiles/cmTC_25576.dir/CheckFunctionExists.c.o   -c /usr/share/cmake-3.5/Modules/CheckFunctionExists.c
Linking C executable cmTC_25576
/usr/bin/cmake -E cmake_link_script CMakeFiles/cmTC_25576.dir/link.txt --verbose=1
/usr/bin/cc   -DCHECK_FUNCTION_EXISTS=pthread_create    CMakeFiles/cmTC_25576.dir/CheckFunctionExists.c.o  -o cmTC_25576 -rdynamic -lpthreads 
/usr/bin/ld: cannot find -lpthreads
collect2: error: ld returned 1 exit status
CMakeFiles/cmTC_25576.dir/build.make:97: recipe for target 'cmTC_25576' failed
make[1]: *** [cmTC_25576] Error 1
make[1]: Leaving directory '/home/larics/catkin_ws/src/cmake-build-debug/CMakeFiles/CMakeTmp'
Makefile:126: recipe for target 'cmTC_25576/fast' failed
make: *** [cmTC_25576/fast] Error 2


